<?xml version="1.0" encoding="UTF-8"?>
<!-- Generated by org.testng.reporters.JUnitReportReporter -->
<testsuite hostname="Lenovo" failures="0" tests="1" name="testcases.updateMyInfo" time="115.260" errors="0" timestamp="2023-04-19T18:07:49 IST" skipped="0">
  <testcase classname="testcases.updateMyInfo" name="myinfo" time="115.260"/>
  <system-out/>
</testsuite> <!-- testcases.updateMyInfo -->
