<?xml version="1.0" encoding="UTF-8"?>
<!-- Generated by org.testng.reporters.JUnitReportReporter -->
<testsuite hostname="Lenovo" failures="0" tests="1" name="testcases.LoginTestCases" time="58.175" errors="0" timestamp="2023-04-19T18:23:17 IST" skipped="0">
  <testcase classname="testcases.LoginTestCases" name="login" time="58.175"/>
  <system-out/>
</testsuite> <!-- testcases.LoginTestCases -->
